==13370== Searching for pointers to 3,305 not-freed blocks
==13370== Checked 1,523,072 bytes
==13370== 
==13370== 1 bytes in 1 blocks are still reachable in loss record 1 of 2,255
==13370==    at 0x48407B4: malloc (vg_replace_malloc.c:381)
==13370==    by 0x4BE95A7: _XlcDefaultMapModifiers (in /usr/lib/x86_64-linux-gnu/libX11.so.6.4.0)
==13370==    by 0x4BE98E5: XSetLocaleModifiers (in /usr/lib/x86_64-linux-gnu/libX11.so.6.4.0)
==13370==    by 0x486B853: ??? (in /usr/lib/x86_64-linux-gnu/libglfw.so.3.3)
==13370==    by 0x48632B9: glfwInit (in /usr/lib/x86_64-linux-gnu/libglfw.so.3.3)
==13370==    by 0x10D1BD: mlx_init (in /home/pablo/42/fdf/src/main_test)
==13370==    by 0x4A3F969: strdup (strdup.c:42)
==13370==    by 0x4BE2437: _XlcCreateLC (in /usr/lib/x86_64-linux-gnu/libX11.so.6.4.0)
==13370==    by 0x4C02BBF: _XlcUtf8Loader (in /usr/lib/x86_64-linux-gnu/libX11.so.6.4.0)
==13370==    by 0x4BE97DE: _XOpenLC (in /usr/lib/x86_64-linux-gnu/libX11.so.6.4.0)
==13370==    by 0x4BE9938: XSupportsLocale (in /usr/lib/x86_64-linux-gnu/libX11.so.6.4.0)
==13370==    by 0x486B0B8: ??? (in /usr/lib/x86_64-linux-gnu/libglfw.so.3.3)
==13370==    by 0x48632B9: glfwInit (in /usr/lib/x86_64-linux-gnu/libglfw.so.3.3)
==13370==    by 0x10D1BD: mlx_init (in /home/pablo/42/fdf/src/main_test)
==13370== 
==13370== 16 bytes in 1 blocks are still reachable in loss record 7 of 2,255
==13370==    at 0x48407B4: malloc (vg_replace_malloc.c:381)
==13370==    by 0x4BE9679: _XlcAddLoader (in /usr/lib/x86_64-linux-gnu/libX11.so.6.4.0)
==13370==    by 0x4BE1BDF: _XlcInitLoader (in /usr/lib/x86_64-linux-gnu/libX11.so.6.4.0)
==13370==    by 0x4BE97B8: _XOpenLC (in /usr/lib/x86_64-linux-gnu/libX11.so.6.4.0)
==13370==    by 0x4BE9938: XSupportsLocale (in /usr/lib/x86_64-linux-gnu/libX11.so.6.4.0)
==13370==    by 0x486B0B8: ??? (in /usr/lib/x86_64-linux-gnu/libglfw.so.3.3)
==13370==    by 0x48632B9: glfwInit (in /usr/lib/x86_64-linux-gnu/libglfw.so.3.3)
==13370==    by 0x10D1BD: mlx_init (in /home/pablo/42/fdf/src/main_test)
==13370== 16 bytes in 1 blocks are still reachable in loss record 9 of 2,255
==13370==    at 0x48407B4: malloc (vg_replace_malloc.c:381)
==13370==    by 0x4BE97F0: _XOpenLC (in /usr/lib/x86_64-linux-gnu/libX11.so.6.4.0)
==13370==    by 0x4BE9938: XSupportsLocale (in /usr/lib/x86_64-linux-gnu/libX11.so.6.4.0)
==13370==    by 0x486B0B8: ??? (in /usr/lib/x86_64-linux-gnu/libglfw.so.3.3)
==13370==    by 0x48632B9: glfwInit (in /usr/lib/x86_64-linux-gnu/libglfw.so.3.3)
==13370==    by 0x10D1BD: mlx_init (in /home/pablo/42/fdf/src/main_test)
==13370==    by 0x10B142: main (main_test.c:117)
--
==13370==    by 0x4BDE5EA: _XlcCreateLocaleDataBase (in /usr/lib/x86_64-linux-gnu/libX11.so.6.4.0)
==13370==    by 0x4BE2620: ??? (in /usr/lib/x86_64-linux-gnu/libX11.so.6.4.0)
==13370==    by 0x4BE1BA2: ??? (in /usr/lib/x86_64-linux-gnu/libX11.so.6.4.0)
==13370==    by 0x4BE23E7: _XlcCreateLC (in /usr/lib/x86_64-linux-gnu/libX11.so.6.4.0)
==13370==    by 0x4C02BBF: _XlcUtf8Loader (in /usr/lib/x86_64-linux-gnu/libX11.so.6.4.0)
==13370==    by 0x4BE97DE: _XOpenLC (in /usr/lib/x86_64-linux-gnu/libX11.so.6.4.0)
==13370==    by 0x4BE9938: XSupportsLocale (in /usr/lib/x86_64-linux-gnu/libX11.so.6.4.0)
==13370==    by 0x486B0B8: ??? (in /usr/lib/x86_64-linux-gnu/libglfw.so.3.3)
==13370==    by 0x48632B9: glfwInit (in /usr/lib/x86_64-linux-gnu/libglfw.so.3.3)
==13370==    by 0x10D1BD: mlx_init (in /home/pablo/42/fdf/src/main_test)
--
==13370== 64 bytes in 1 blocks are still reachable in loss record 2,145 of 2,255
==13370==    at 0x48407B4: malloc (vg_replace_malloc.c:381)
==13370==    by 0x4BDCC46: _XlcSetConverter (in /usr/lib/x86_64-linux-gnu/libX11.so.6.4.0)
==13370==    by 0x4BE8F96: _XlcAddUtf8Converters (in /usr/lib/x86_64-linux-gnu/libX11.so.6.4.0)
==13370==    by 0x4C02C0C: _XlcUtf8Loader (in /usr/lib/x86_64-linux-gnu/libX11.so.6.4.0)
==13370==    by 0x4BE97DE: _XOpenLC (in /usr/lib/x86_64-linux-gnu/libX11.so.6.4.0)
==13370==    by 0x4BE9938: XSupportsLocale (in /usr/lib/x86_64-linux-gnu/libX11.so.6.4.0)
==13370==    by 0x486B0B8: ??? (in /usr/lib/x86_64-linux-gnu/libglfw.so.3.3)
==13370==    by 0x48632B9: glfwInit (in /usr/lib/x86_64-linux-gnu/libglfw.so.3.3)
==13370==    by 0x10D1BD: mlx_init (in /home/pablo/42/fdf/src/main_test)
--
==13370==    by 0x4BDC561: _XlcAddCharSet (in /usr/lib/x86_64-linux-gnu/libX11.so.6.4.0)
==13370==    by 0x4BE075E: ??? (in /usr/lib/x86_64-linux-gnu/libX11.so.6.4.0)
==13370==    by 0x4BE1BAE: ??? (in /usr/lib/x86_64-linux-gnu/libX11.so.6.4.0)
==13370==    by 0x4BE23E7: _XlcCreateLC (in /usr/lib/x86_64-linux-gnu/libX11.so.6.4.0)
==13370==    by 0x4C02BBF: _XlcUtf8Loader (in /usr/lib/x86_64-linux-gnu/libX11.so.6.4.0)
==13370==    by 0x4BE97DE: _XOpenLC (in /usr/lib/x86_64-linux-gnu/libX11.so.6.4.0)
==13370==    by 0x4BE9938: XSupportsLocale (in /usr/lib/x86_64-linux-gnu/libX11.so.6.4.0)
==13370==    by 0x486B0B8: ??? (in /usr/lib/x86_64-linux-gnu/libglfw.so.3.3)
==13370==    by 0x48632B9: glfwInit (in /usr/lib/x86_64-linux-gnu/libglfw.so.3.3)
==13370==    by 0x10D1BD: mlx_init (in /home/pablo/42/fdf/src/main_test)
