==3571502== Memcheck, a memory error detector
==3571502== Copyright (C) 2002-2017, and GNU GPL'd, by Julian Seward et al.
==3571502== Using Valgrind-3.18.1-42b08ed5bd-20211015 and LibVEX; rerun with -h for copyright info
==3571502== Command: ./src/main maps/test_maps/43.fdf
==3571502== Parent PID: 3571501
==3571502== 
--3571502-- 
--3571502-- Valgrind options:
--3571502--    --leak-check=full
--3571502--    --show-leak-kinds=all
--3571502--    --track-origins=yes
--3571502--    --log-file=valgrind_full.log
--3571502--    --verbose
--3571502-- Contents of /proc/version:
--3571502--   Linux version 6.10.9-1-t2-jammy (root@c717d23fd605) (gcc (Ubuntu 11.4.0-1ubuntu1~22.04) 11.4.0, GNU ld (GNU Binutils for Ubuntu) 2.38) #1 SMP PREEMPT_DYNAMIC Sun Sep  8 09:34:45 UTC 2024
--3571502-- 
--3571502-- Arch and hwcaps: AMD64, LittleEndian, amd64-cx16-lzcnt-rdtscp-sse3-ssse3-avx-avx2-bmi-f16c-rdrand-rdseed
--3571502-- Page sizes: currently 4096, max supported 4096
--3571502-- Valgrind library directory: /usr/libexec/valgrind
--3571502-- Reading syms from /home/pabmart2/42Cursus/fdf_github/src/main
--3571502-- Reading syms from /usr/lib/x86_64-linux-gnu/ld-linux-x86-64.so.2
--3571502--   Considering /usr/lib/debug/.build-id/e4/de036b19e4768e7591b596c4be9f9015f2d28a.debug ..
--3571502--   .. build-id is valid
--3571502-- Reading syms from /usr/libexec/valgrind/memcheck-amd64-linux
--3571502--    object doesn't have a symbol table
--3571502--    object doesn't have a dynamic symbol table
--3571502-- Scheduler: using generic scheduler lock implementation.
--3571502-- Reading suppressions file: /usr/libexec/valgrind/default.supp
==3571502== embedded gdbserver: reading from /tmp/vgdb-pipe-from-vgdb-to-3571502-by-pabmart2-on-???
==3571502== embedded gdbserver: writing to   /tmp/vgdb-pipe-to-vgdb-from-3571502-by-pabmart2-on-???
==3571502== embedded gdbserver: shared mem   /tmp/vgdb-pipe-shared-mem-vgdb-3571502-by-pabmart2-on-???
==3571502== 
==3571502== TO CONTROL THIS PROCESS USING vgdb (which you probably
==3571502== don't want to do, unless you know exactly what you're doing,
==3571502== or are doing some strange experiment):
==3571502==   /usr/bin/vgdb --pid=3571502 ...command...
==3571502== 
==3571502== TO DEBUG THIS PROCESS USING GDB: start GDB like this
==3571502==   /path/to/gdb ./src/main
==3571502== and then give GDB the following command
==3571502==   target remote | /usr/bin/vgdb --pid=3571502
==3571502== --pid is optional if only one valgrind process is running
==3571502== 
--3571502-- REDIR: 0x402aa40 (ld-linux-x86-64.so.2:strlen) redirected to 0x580bcec2 (???)
--3571502-- REDIR: 0x402a810 (ld-linux-x86-64.so.2:index) redirected to 0x580bcedc (???)
--3571502-- Reading syms from /usr/libexec/valgrind/vgpreload_core-amd64-linux.so
--3571502--    object doesn't have a symbol table
--3571502-- Reading syms from /usr/libexec/valgrind/vgpreload_memcheck-amd64-linux.so
--3571502--    object doesn't have a symbol table
==3571502== WARNING: new redirection conflicts with existing -- ignoring it
--3571502--     old: 0x0402aa40 (strlen              ) R-> (0000.0) 0x580bcec2 ???
--3571502--     new: 0x0402aa40 (strlen              ) R-> (2007.0) 0x0484ee30 strlen
--3571502-- REDIR: 0x4027220 (ld-linux-x86-64.so.2:strcmp) redirected to 0x484fcd0 (strcmp)
--3571502-- REDIR: 0x402afa0 (ld-linux-x86-64.so.2:mempcpy) redirected to 0x4853840 (mempcpy)
--3571502-- Reading syms from /usr/lib/x86_64-linux-gnu/libglfw.so.3.3
--3571502--    object doesn't have a symbol table
--3571502-- Reading syms from /usr/lib/x86_64-linux-gnu/libm.so.6
--3571502--   Considering /usr/lib/debug/.build-id/7d/8778fca8ea4621b268cc03662855d0cd983439.debug ..
--3571502--   .. build-id is valid
--3571502-- Reading syms from /usr/lib/x86_64-linux-gnu/libc.so.6
--3571502--   Considering /usr/lib/debug/.build-id/cd/410b710f0f094c6832edd95931006d883af48e.debug ..
--3571502--   .. build-id is valid
==3571502== WARNING: new redirection conflicts with existing -- ignoring it
--3571502--     old: 0x04a67c60 (memalign            ) R-> (1011.0) 0x0484e080 memalign
--3571502--     new: 0x04a67c60 (memalign            ) R-> (1017.0) 0x0484e050 aligned_alloc
==3571502== WARNING: new redirection conflicts with existing -- ignoring it
--3571502--     old: 0x04a67c60 (memalign            ) R-> (1011.0) 0x0484e080 memalign
--3571502--     new: 0x04a67c60 (memalign            ) R-> (1017.0) 0x0484e020 aligned_alloc
==3571502== WARNING: new redirection conflicts with existing -- ignoring it
--3571502--     old: 0x04a67c60 (memalign            ) R-> (1011.0) 0x0484e080 memalign
--3571502--     new: 0x04a67c60 (memalign            ) R-> (1017.0) 0x0484e050 aligned_alloc
==3571502== WARNING: new redirection conflicts with existing -- ignoring it
--3571502--     old: 0x04a67c60 (memalign            ) R-> (1011.0) 0x0484e080 memalign
--3571502--     new: 0x04a67c60 (memalign            ) R-> (1017.0) 0x0484e020 aligned_alloc
--3571502-- Reading syms from /usr/lib/x86_64-linux-gnu/libX11.so.6.4.0
--3571502--    object doesn't have a symbol table
--3571502-- Reading syms from /usr/lib/x86_64-linux-gnu/libxcb.so.1.1.0
--3571502--    object doesn't have a symbol table
--3571502-- Reading syms from /usr/lib/x86_64-linux-gnu/libXau.so.6.0.0
--3571502--    object doesn't have a symbol table
--3571502-- Reading syms from /usr/lib/x86_64-linux-gnu/libXdmcp.so.6.0.0
--3571502--    object doesn't have a symbol table
--3571502-- Reading syms from /usr/lib/x86_64-linux-gnu/libbsd.so.0.11.5
--3571502--    object doesn't have a symbol table
--3571502-- Reading syms from /usr/lib/x86_64-linux-gnu/libmd.so.0.0.5
--3571502--    object doesn't have a symbol table
--3571502-- REDIR: 0x4a6a720 (libc.so.6:strnlen) redirected to 0x483f220 (_vgnU_ifunc_wrapper)
--3571502-- REDIR: 0x4a6a9e0 (libc.so.6:strpbrk) redirected to 0x483f220 (_vgnU_ifunc_wrapper)
--3571502-- REDIR: 0x4a6a2e0 (libc.so.6:strcmp) redirected to 0x483f220 (_vgnU_ifunc_wrapper)
--3571502-- REDIR: 0x4a88cd0 (libc.so.6:wcsnlen) redirected to 0x483f220 (_vgnU_ifunc_wrapper)
--3571502-- REDIR: 0x4a6b6d0 (libc.so.6:memset) redirected to 0x483f220 (_vgnU_ifunc_wrapper)
--3571502-- REDIR: 0x4a87540 (libc.so.6:wcslen) redirected to 0x483f220 (_vgnU_ifunc_wrapper)
--3571502-- REDIR: 0x4a6bc10 (libc.so.6:memcpy@@GLIBC_2.14) redirected to 0x483f220 (_vgnU_ifunc_wrapper)
--3571502-- REDIR: 0x4a87370 (libc.so.6:wcschr) redirected to 0x483f220 (_vgnU_ifunc_wrapper)
--3571502-- REDIR: 0x4a6a260 (libc.so.6:index) redirected to 0x483f220 (_vgnU_ifunc_wrapper)
--3571502-- REDIR: 0x4a6a960 (libc.so.6:rindex) redirected to 0x483f220 (_vgnU_ifunc_wrapper)
--3571502-- REDIR: 0x4a6b5a0 (libc.so.6:memmove) redirected to 0x483f220 (_vgnU_ifunc_wrapper)
==3571502== Preferring higher priority redirection:
--3571502--     old: 0x04b627c0 (__memcpy_avx_unalign) R-> (2018.0) 0x04850f90 __memcpy_avx_unaligned_erms
--3571502--     new: 0x04b627c0 (__memcpy_avx_unalign) R-> (2018.1) 0x04852880 memmove
--3571502-- REDIR: 0x4a873f0 (libc.so.6:wcscmp) redirected to 0x483f220 (_vgnU_ifunc_wrapper)
--3571502-- REDIR: 0x4a6b9e0 (libc.so.6:stpncpy) redirected to 0x483f220 (_vgnU_ifunc_wrapper)
--3571502-- REDIR: 0x4a879b0 (libc.so.6:wmemchr) redirected to 0x483f220 (_vgnU_ifunc_wrapper)
--3571502-- REDIR: 0x4a6a830 (libc.so.6:strncmp) redirected to 0x483f220 (_vgnU_ifunc_wrapper)
--3571502-- REDIR: 0x4a6ba70 (libc.so.6:strcasecmp) redirected to 0x483f220 (_vgnU_ifunc_wrapper)
--3571502-- REDIR: 0x4a6a420 (libc.so.6:strcspn) redirected to 0x483f220 (_vgnU_ifunc_wrapper)
--3571502-- REDIR: 0x4a87470 (libc.so.6:wcscpy) redirected to 0x483f220 (_vgnU_ifunc_wrapper)
--3571502-- REDIR: 0x4a6a1d0 (libc.so.6:strcat) redirected to 0x483f220 (_vgnU_ifunc_wrapper)
--3571502-- REDIR: 0x4a6bb60 (libc.so.6:strncasecmp_l) redirected to 0x483f220 (_vgnU_ifunc_wrapper)
--3571502-- REDIR: 0x4a6b480 (libc.so.6:bcmp) redirected to 0x483f220 (_vgnU_ifunc_wrapper)
--3571502-- REDIR: 0x4a73570 (libc.so.6:memrchr) redirected to 0x483f220 (_vgnU_ifunc_wrapper)
--3571502-- REDIR: 0x4a6d010 (libc.so.6:strchrnul) redirected to 0x483f220 (_vgnU_ifunc_wrapper)
--3571502-- REDIR: 0x4a6a390 (libc.so.6:strcpy) redirected to 0x483f220 (_vgnU_ifunc_wrapper)
--3571502-- REDIR: 0x4a6bb10 (libc.so.6:strcasecmp_l) redirected to 0x483f220 (_vgnU_ifunc_wrapper)
--3571502-- REDIR: 0x4a6a6a0 (libc.so.6:strlen) redirected to 0x483f220 (_vgnU_ifunc_wrapper)
--3571502-- REDIR: 0x4a6a8d0 (libc.so.6:strncpy) redirected to 0x483f220 (_vgnU_ifunc_wrapper)
--3571502-- REDIR: 0x4a6b950 (libc.so.6:stpcpy) redirected to 0x483f220 (_vgnU_ifunc_wrapper)
--3571502-- REDIR: 0x4a6b3f0 (libc.so.6:memchr) redirected to 0x483f220 (_vgnU_ifunc_wrapper)
--3571502-- REDIR: 0x4a6ab00 (libc.so.6:strspn) redirected to 0x483f220 (_vgnU_ifunc_wrapper)
--3571502-- REDIR: 0x4a6b7d0 (libc.so.6:mempcpy) redirected to 0x483f220 (_vgnU_ifunc_wrapper)
--3571502-- REDIR: 0x4a6bac0 (libc.so.6:strncasecmp) redirected to 0x483f220 (_vgnU_ifunc_wrapper)
--3571502-- REDIR: 0x4a6cf80 (libc.so.6:rawmemchr) redirected to 0x483f220 (_vgnU_ifunc_wrapper)
--3571502-- REDIR: 0x4af6280 (libc.so.6:__memcpy_chk) redirected to 0x483f220 (_vgnU_ifunc_wrapper)
--3571502-- REDIR: 0x4a6b310 (libc.so.6:strstr) redirected to 0x483f220 (_vgnU_ifunc_wrapper)
--3571502-- REDIR: 0x4a6a7a0 (libc.so.6:strncat) redirected to 0x483f220 (_vgnU_ifunc_wrapper)
--3571502-- REDIR: 0x4b5f610 (libc.so.6:__strrchr_avx2) redirected to 0x484e810 (rindex)
--3571502-- REDIR: 0x4a670a0 (libc.so.6:malloc) redirected to 0x4848820 (malloc)
--3571502-- REDIR: 0x4b5f7e0 (libc.so.6:__strlen_avx2) redirected to 0x484ed10 (strlen)
--3571502-- REDIR: 0x4b619a0 (libc.so.6:__stpcpy_avx2) redirected to 0x4852130 (stpcpy)
--3571502-- REDIR: 0x4b62780 (libc.so.6:__mempcpy_avx_unaligned_erms) redirected to 0x4853440 (mempcpy)
--3571502-- REDIR: 0x4a673e0 (libc.so.6:free) redirected to 0x484b210 (free)
--3571502-- REDIR: 0x4b5f400 (libc.so.6:__strchrnul_avx2) redirected to 0x4853330 (strchrnul)
==3571502== 
==3571502== HEAP SUMMARY:
==3571502==     in use at exit: 0 bytes in 0 blocks
==3571502==   total heap usage: 3 allocs, 3 frees, 1,544 bytes allocated
==3571502== 
==3571502== All heap blocks were freed -- no leaks are possible
==3571502== 
==3571502== ERROR SUMMARY: 0 errors from 0 contexts (suppressed: 0 from 0)
